<?xml version="1.0" encoding="UTF-8"?>
<!-- Generated by org.testng.reporters.JUnitXMLReporter -->
<testsuite ignored="0" hostname="DESKTOP-MM89ABI" failures="0" tests="11" name="EndToEndCombinationTest" time="125.407" errors="0" timestamp="2025-09-08T17:25:35 IST">
  <testcase classname="testCases.EndToEndCombinedTests" name="verifyHomePageLoads" time="6.563"/>
  <testcase classname="testCases.EndToEndCombinedTests" name="validLoginTest" time="16.909"/>
  <testcase classname="testCases.EndToEndCombinedTests" name="testFilterAndSort" time="5.636"/>
  <testcase classname="testCases.EndToEndCombinedTests" name="testFilterAndSort" time="5.785"/>
  <testcase classname="testCases.EndToEndCombinedTests" name="addFirstProductToCartTest" time="4.151"/>
  <testcase classname="testCases.EndToEndCombinedTests" name="addNamedProductToCartTest" time="5.168"/>
  <testcase classname="testCases.EndToEndCombinedTests" name="increaseQuantityAndVerifySubtotal" time="5.468"/>
  <testcase classname="testCases.EndToEndCombinedTests" name="removeItemFromCartTest" time="26.001"/>
  <testcase classname="testCases.EndToEndCombinedTests" name="addSecondItemToCartTest" time="5.662"/>
  <testcase classname="testCases.EndToEndCombinedTests" name="checkoutShippingAndSubmitTest" time="17.444"/>
  <testcase classname="testCases.EndToEndCombinedTests" name="fullCheckoutFlow_login_add_checkout_confirm_download_continue_checkNavs_logout" time="26.533"/>
</testsuite> <!-- EndToEndCombinationTest -->
