<?xml version="1.0" encoding="UTF-8"?>
<!-- Generated by org.testng.reporters.JUnitXMLReporter -->
<testsuite ignored="0" hostname="harinijp" failures="2" tests="2" name="Search Tests" time="20.545" errors="0" timestamp="2025-09-07T18:25:21 IST">
  <testcase classname="testCases.SearchTests" name="testProductSearch" time="4.52">
    <failure type="java.lang.AssertionError" message="Product list did not update or product &amp;apos;Galaxy S10&amp;apos; not found. expected [true] but found [false]">
      <![CDATA[java.lang.AssertionError: Product list did not update or product 'Galaxy S10' not found. expected [true] but found [false]
at testCases.SearchTests.testProductSearch(SearchTests.java:58)
at java.base/java.util.ArrayList.forEach(ArrayList.java:1596)
... Removed 28 stack frames]]>
    </failure>
  </testcase> <!-- testProductSearch -->
  <testcase classname="testCases.SearchTests" name="testProductSearch" time="3.053">
    <failure type="java.lang.AssertionError" message="Product list did not update or product &amp;apos;One Plus 7&amp;apos; not found. expected [true] but found [false]">
      <![CDATA[java.lang.AssertionError: Product list did not update or product 'One Plus 7' not found. expected [true] but found [false]
at testCases.SearchTests.testProductSearch(SearchTests.java:58)
at java.base/java.util.ArrayList.forEach(ArrayList.java:1596)
... Removed 28 stack frames]]>
    </failure>
  </testcase> <!-- testProductSearch -->
</testsuite> <!-- Search Tests -->
